# JRE version: OpenJDK Runtime Environment (8.0_152-b01) (build 1.8.0_152-release-1248-b01)
# Java VM: OpenJDK 64-Bit Server VM (25.152-b01 mixed mode windows-amd64 compressed oops)
Heap:
 PSYoungGen      total 498176K, used 255093K [0x00000000e0000000, 0x0000000100000000, 0x0000000100000000)
  eden space 472064K, 50% used [0x00000000e0000000,0x00000000ee7f06b8,0x00000000fcd00000)
  from space 26112K, 67% used [0x00000000fe680000,0x00000000ff7ad090,0x0000000100000000)
  to   space 26112K, 0% used [0x00000000fcd00000,0x00000000fcd00000,0x00000000fe680000)
 ParOldGen       total 116736K, used 56029K [0x00000000a0000000, 0x00000000a7200000, 0x00000000e0000000)
  object space 116736K, 47% used [0x00000000a0000000,0x00000000a36b7620,0x00000000a7200000)
 Metaspace       used 93224K, capacity 97512K, committed 97752K, reserved 1134592K
  class space    used 11669K, capacity 12501K, committed 12544K, reserved 1048576K
GC Heap History (10 events):
Event: 168.310 GC heap before
{Heap before GC invocations=23 (full 3):
 PSYoungGen      total 491008K, used 476587K [0x00000000e0000000, 0x0000000100000000, 0x0000000100000000)
  eden space 461824K, 100% used [0x00000000e0000000,0x00000000fc300000,0x00000000fc300000)
  from space 29184K, 50% used [0x00000000fc300000,0x00000000fd16af70,0x00000000fdf80000)
  to   space 27648K, 0% used [0x00000000fe500000,0x00000000fe500000,0x0000000100000000)
 ParOldGen       total 116736K, used 55989K [0x00000000a0000000, 0x00000000a7200000, 0x00000000e0000000)
  object space 116736K, 47% used [0x00000000a0000000,0x00000000a36ad620,0x00000000a7200000)
 Metaspace       used 89804K, capacity 93392K, committed 93528K, reserved 1130496K
  class space    used 11339K, capacity 12115K, committed 12160K, reserved 1048576K
Event: 168.326 GC heap after
Heap after GC invocations=23 (full 3):
 PSYoungGen      total 493568K, used 17019K [0x00000000e0000000, 0x00000000ffe80000, 0x0000000100000000)
  eden space 467456K, 0% used [0x00000000e0000000,0x00000000e0000000,0x00000000fc880000)
  from space 26112K, 65% used [0x00000000fe500000,0x00000000ff59ee98,0x00000000ffe80000)
  to   space 27648K, 0% used [0x00000000fc880000,0x00000000fc880000,0x00000000fe380000)
 ParOldGen       total 116736K, used 55997K [0x00000000a0000000, 0x00000000a7200000, 0x00000000e0000000)
  object space 116736K, 47% used [0x00000000a0000000,0x00000000a36af620,0x00000000a7200000)
 Metaspace       used 89804K, capacity 93392K, committed 93528K, reserved 1130496K
  class space    used 11339K, capacity 12115K, committed 12160K, reserved 1048576K
}
Event: 169.453 GC heap before
{Heap before GC invocations=24 (full 3):
 PSYoungGen      total 493568K, used 484475K [0x00000000e0000000, 0x00000000ffe80000, 0x0000000100000000)
  eden space 467456K, 100% used [0x00000000e0000000,0x00000000fc880000,0x00000000fc880000)
  from space 26112K, 65% used [0x00000000fe500000,0x00000000ff59ee98,0x00000000ffe80000)
  to   space 27648K, 0% used [0x00000000fc880000,0x00000000fc880000,0x00000000fe380000)
 ParOldGen       total 116736K, used 55997K [0x00000000a0000000, 0x00000000a7200000, 0x00000000e0000000)
  object space 116736K, 47% used [0x00000000a0000000,0x00000000a36af620,0x00000000a7200000)
 Metaspace       used 89869K, capacity 93458K, committed 93528K, reserved 1130496K
  class space    used 11340K, capacity 12116K, committed 12160K, reserved 1048576K
Event: 169.471 GC heap after
Heap after GC invocations=24 (full 3):
 PSYoungGen      total 495104K, used 14229K [0x00000000e0000000, 0x00000000ffe80000, 0x0000000100000000)
  eden space 467456K, 0% used [0x00000000e0000000,0x00000000e0000000,0x00000000fc880000)
  from space 27648K, 51% used [0x00000000fc880000,0x00000000fd665590,0x00000000fe380000)
  to   space 26112K, 0% used [0x00000000fe500000,0x00000000fe500000,0x00000000ffe80000)
 ParOldGen       total 116736K, used 56005K [0x00000000a0000000, 0x00000000a7200000, 0x00000000e0000000)
  object space 116736K, 47% used [0x00000000a0000000,0x00000000a36b1620,0x00000000a7200000)
 Metaspace       used 89869K, capacity 93458K, committed 93528K, reserved 1130496K
  class space    used 11340K, capacity 12116K, committed 12160K, reserved 1048576K
}
Event: 171.971 GC heap before
{Heap before GC invocations=25 (full 3):
 PSYoungGen      total 495104K, used 481685K [0x00000000e0000000, 0x00000000ffe80000, 0x0000000100000000)
  eden space 467456K, 100% used [0x00000000e0000000,0x00000000fc880000,0x00000000fc880000)
  from space 27648K, 51% used [0x00000000fc880000,0x00000000fd665590,0x00000000fe380000)
  to   space 26112K, 0% used [0x00000000fe500000,0x00000000fe500000,0x00000000ffe80000)
 ParOldGen       total 116736K, used 56005K [0x00000000a0000000, 0x00000000a7200000, 0x00000000e0000000)
  object space 116736K, 47% used [0x00000000a0000000,0x00000000a36b1620,0x00000000a7200000)
 Metaspace       used 90217K, capacity 93794K, committed 94040K, reserved 1130496K
  class space    used 11358K, capacity 12130K, committed 12160K, reserved 1048576K
Event: 171.984 GC heap after
Heap after GC invocations=25 (full 3):
 PSYoungGen      total 494592K, used 14202K [0x00000000e0000000, 0x00000000ffc80000, 0x0000000100000000)
  eden space 470528K, 0% used [0x00000000e0000000,0x00000000e0000000,0x00000000fcb80000)
  from space 24064K, 59% used [0x00000000fe500000,0x00000000ff2debd0,0x00000000ffc80000)
  to   space 25088K, 0% used [0x00000000fcb80000,0x00000000fcb80000,0x00000000fe400000)
 ParOldGen       total 116736K, used 56013K [0x00000000a0000000, 0x00000000a7200000, 0x00000000e0000000)
  object space 116736K, 47% used [0x00000000a0000000,0x00000000a36b3620,0x00000000a7200000)
 Metaspace       used 90217K, capacity 93794K, committed 94040K, reserved 1130496K
  class space    used 11358K, capacity 12130K, committed 12160K, reserved 1048576K
}
Event: 177.143 GC heap before
{Heap before GC invocations=26 (full 3):
 PSYoungGen      total 494592K, used 484730K [0x00000000e0000000, 0x00000000ffc80000, 0x0000000100000000)
  eden space 470528K, 100% used [0x00000000e0000000,0x00000000fcb80000,0x00000000fcb80000)
  from space 24064K, 59% used [0x00000000fe500000,0x00000000ff2debd0,0x00000000ffc80000)
  to   space 25088K, 0% used [0x00000000fcb80000,0x00000000fcb80000,0x00000000fe400000)
 ParOldGen       total 116736K, used 56013K [0x00000000a0000000, 0x00000000a7200000, 0x00000000e0000000)
  object space 116736K, 47% used [0x00000000a0000000,0x00000000a36b3620,0x00000000a7200000)
 Metaspace       used 91346K, capacity 95118K, committed 95192K, reserved 1132544K
  class space    used 11474K, capacity 12240K, committed 12288K, reserved 1048576K
Event: 177.160 GC heap after
Heap after GC invocations=26 (full 3):
 PSYoungGen      total 495616K, used 19847K [0x00000000e0000000, 0x0000000100000000, 0x0000000100000000)
  eden space 470528K, 0% used [0x00000000e0000000,0x00000000e0000000,0x00000000fcb80000)
  from space 25088K, 79% used [0x00000000fcb80000,0x00000000fdee1cd0,0x00000000fe400000)
  to   space 26112K, 0% used [0x00000000fe680000,0x00000000fe680000,0x0000000100000000)
 ParOldGen       total 116736K, used 56021K [0x00000000a0000000, 0x00000000a7200000, 0x00000000e0000000)
  object space 116736K, 47% used [0x00000000a0000000,0x00000000a36b5620,0x00000000a7200000)
 Metaspace       used 91346K, capacity 95118K, committed 95192K, reserved 1132544K
  class space    used 11474K, capacity 12240K, committed 12288K, reserved 1048576K
}
Event: 250.150 GC heap before
{Heap before GC invocations=27 (full 3):
 PSYoungGen      total 495616K, used 490375K [0x00000000e0000000, 0x0000000100000000, 0x0000000100000000)
  eden space 470528K, 100% used [0x00000000e0000000,0x00000000fcb80000,0x00000000fcb80000)
  from space 25088K, 79% used [0x00000000fcb80000,0x00000000fdee1cd0,0x00000000fe400000)
  to   space 26112K, 0% used [0x00000000fe680000,0x00000000fe680000,0x0000000100000000)
 ParOldGen       total 116736K, used 56021K [0x00000000a0000000, 0x00000000a7200000, 0x00000000e0000000)
  object space 116736K, 47% used [0x00000000a0000000,0x00000000a36b5620,0x00000000a7200000)
 Metaspace       used 92461K, capacity 96478K, committed 96600K, reserved 1134592K
  class space    used 11607K, capacity 12406K, committed 12416K, reserved 1048576K
Event: 250.166 GC heap after
Heap after GC invocations=27 (full 3):
 PSYoungGen      total 498176K, used 17588K [0x00000000e0000000, 0x0000000100000000, 0x0000000100000000)
  eden space 472064K, 0% used [0x00000000e0000000,0x00000000e0000000,0x00000000fcd00000)
  from space 26112K, 67% used [0x00000000fe680000,0x00000000ff7ad090,0x0000000100000000)
  to   space 26112K, 0% used [0x00000000fcd00000,0x00000000fcd00000,0x00000000fe680000)
 ParOldGen       total 116736K, used 56029K [0x00000000a0000000, 0x00000000a7200000, 0x00000000e0000000)
  object space 116736K, 47% used [0x00000000a0000000,0x00000000a36b7620,0x00000000a7200000)
 Metaspace       used 92461K, capacity 96478K, committed 96600K, reserved 1134592K
  class space    used 11607K, capacity 12406K, committed 12416K, reserved 1048576K
}

