# JRE version: OpenJDK Runtime Environment (8.0_152-b01) (build 1.8.0_152-release-1248-b01)
# Java VM: OpenJDK 64-Bit Server VM (25.152-b01 mixed mode windows-amd64 compressed oops)
Heap:
 PSYoungGen      total 149504K, used 25201K [0x00000000e0000000, 0x00000000ec980000, 0x0000000100000000)
  eden space 136704K, 9% used [0x00000000e0000000,0x00000000e0c1ece0,0x00000000e8580000)
  from space 12800K, 99% used [0x00000000e9480000,0x00000000ea0fdaf0,0x00000000ea100000)
  to   space 15360K, 0% used [0x00000000e8580000,0x00000000e8580000,0x00000000e9480000)
 ParOldGen       total 107520K, used 21683K [0x00000000a0000000, 0x00000000a6900000, 0x00000000e0000000)
  object space 107520K, 20% used [0x00000000a0000000,0x00000000a152cc28,0x00000000a6900000)
 Metaspace       used 43896K, capacity 44758K, committed 44928K, reserved 1087488K
  class space    used 5984K, capacity 6270K, committed 6272K, reserved 1048576K
GC Heap History (10 events):
Event: 2.689 GC heap before
{Heap before GC invocations=6 (full 1):
 PSYoungGen      total 71680K, used 5088K [0x00000000e0000000, 0x00000000e9600000, 0x0000000100000000)
  eden space 66560K, 0% used [0x00000000e0000000,0x00000000e0000000,0x00000000e4100000)
  from space 5120K, 99% used [0x00000000e4100000,0x00000000e45f8030,0x00000000e4600000)
  to   space 10240K, 0% used [0x00000000e8c00000,0x00000000e8c00000,0x00000000e9600000)
 ParOldGen       total 87552K, used 8200K [0x00000000a0000000, 0x00000000a5580000, 0x00000000e0000000)
  object space 87552K, 9% used [0x00000000a0000000,0x00000000a08022a8,0x00000000a5580000)
 Metaspace       used 20751K, capacity 21160K, committed 21248K, reserved 1067008K
  class space    used 2905K, capacity 3044K, committed 3072K, reserved 1048576K
Event: 2.728 GC heap after
Heap after GC invocations=6 (full 1):
 PSYoungGen      total 71680K, used 0K [0x00000000e0000000, 0x00000000e9600000, 0x0000000100000000)
  eden space 66560K, 0% used [0x00000000e0000000,0x00000000e0000000,0x00000000e4100000)
  from space 5120K, 0% used [0x00000000e4100000,0x00000000e4100000,0x00000000e4600000)
  to   space 10240K, 0% used [0x00000000e8c00000,0x00000000e8c00000,0x00000000e9600000)
 ParOldGen       total 63488K, used 8262K [0x00000000a0000000, 0x00000000a3e00000, 0x00000000e0000000)
  object space 63488K, 13% used [0x00000000a0000000,0x00000000a0811860,0x00000000a3e00000)
 Metaspace       used 20751K, capacity 21160K, committed 21248K, reserved 1067008K
  class space    used 2905K, capacity 3044K, committed 3072K, reserved 1048576K
}
Event: 3.626 GC heap before
{Heap before GC invocations=7 (full 1):
 PSYoungGen      total 71680K, used 66560K [0x00000000e0000000, 0x00000000e9600000, 0x0000000100000000)
  eden space 66560K, 100% used [0x00000000e0000000,0x00000000e4100000,0x00000000e4100000)
  from space 5120K, 0% used [0x00000000e4100000,0x00000000e4100000,0x00000000e4600000)
  to   space 10240K, 0% used [0x00000000e8c00000,0x00000000e8c00000,0x00000000e9600000)
 ParOldGen       total 63488K, used 8262K [0x00000000a0000000, 0x00000000a3e00000, 0x00000000e0000000)
  object space 63488K, 13% used [0x00000000a0000000,0x00000000a0811860,0x00000000a3e00000)
 Metaspace       used 26552K, capacity 27106K, committed 27392K, reserved 1073152K
  class space    used 3639K, capacity 3801K, committed 3840K, reserved 1048576K
Event: 3.635 GC heap after
Heap after GC invocations=7 (full 1):
 PSYoungGen      total 104960K, used 7162K [0x00000000e0000000, 0x00000000e9300000, 0x0000000100000000)
  eden space 97792K, 0% used [0x00000000e0000000,0x00000000e0000000,0x00000000e5f80000)
  from space 7168K, 99% used [0x00000000e8c00000,0x00000000e92fe908,0x00000000e9300000)
  to   space 9728K, 0% used [0x00000000e8000000,0x00000000e8000000,0x00000000e8980000)
 ParOldGen       total 63488K, used 8270K [0x00000000a0000000, 0x00000000a3e00000, 0x00000000e0000000)
  object space 63488K, 13% used [0x00000000a0000000,0x00000000a0813860,0x00000000a3e00000)
 Metaspace       used 26552K, capacity 27106K, committed 27392K, reserved 1073152K
  class space    used 3639K, capacity 3801K, committed 3840K, reserved 1048576K
}
Event: 5.833 GC heap before
{Heap before GC invocations=8 (full 1):
 PSYoungGen      total 104960K, used 100033K [0x00000000e0000000, 0x00000000e9300000, 0x0000000100000000)
  eden space 97792K, 94% used [0x00000000e0000000,0x00000000e5ab1e18,0x00000000e5f80000)
  from space 7168K, 99% used [0x00000000e8c00000,0x00000000e92fe908,0x00000000e9300000)
  to   space 9728K, 0% used [0x00000000e8000000,0x00000000e8000000,0x00000000e8980000)
 ParOldGen       total 63488K, used 8270K [0x00000000a0000000, 0x00000000a3e00000, 0x00000000e0000000)
  object space 63488K, 13% used [0x00000000a0000000,0x00000000a0813860,0x00000000a3e00000)
 Metaspace       used 34646K, capacity 35232K, committed 35416K, reserved 1079296K
  class space    used 4795K, capacity 5020K, committed 5120K, reserved 1048576K
Event: 5.843 GC heap after
Heap after GC invocations=8 (full 1):
 PSYoungGen      total 140800K, used 9727K [0x00000000e0000000, 0x00000000ea100000, 0x0000000100000000)
  eden space 131072K, 0% used [0x00000000e0000000,0x00000000e0000000,0x00000000e8000000)
  from space 9728K, 99% used [0x00000000e8000000,0x00000000e897fc40,0x00000000e8980000)
  to   space 12800K, 0% used [0x00000000e9480000,0x00000000e9480000,0x00000000ea100000)
 ParOldGen       total 63488K, used 11339K [0x00000000a0000000, 0x00000000a3e00000, 0x00000000e0000000)
  object space 63488K, 17% used [0x00000000a0000000,0x00000000a0b12e70,0x00000000a3e00000)
 Metaspace       used 34646K, capacity 35232K, committed 35416K, reserved 1079296K
  class space    used 4795K, capacity 5020K, committed 5120K, reserved 1048576K
}
Event: 5.843 GC heap before
{Heap before GC invocations=9 (full 2):
 PSYoungGen      total 140800K, used 9727K [0x00000000e0000000, 0x00000000ea100000, 0x0000000100000000)
  eden space 131072K, 0% used [0x00000000e0000000,0x00000000e0000000,0x00000000e8000000)
  from space 9728K, 99% used [0x00000000e8000000,0x00000000e897fc40,0x00000000e8980000)
  to   space 12800K, 0% used [0x00000000e9480000,0x00000000e9480000,0x00000000ea100000)
 ParOldGen       total 63488K, used 11339K [0x00000000a0000000, 0x00000000a3e00000, 0x00000000e0000000)
  object space 63488K, 17% used [0x00000000a0000000,0x00000000a0b12e70,0x00000000a3e00000)
 Metaspace       used 34646K, capacity 35232K, committed 35416K, reserved 1079296K
  class space    used 4795K, capacity 5020K, committed 5120K, reserved 1048576K
Event: 5.916 GC heap after
Heap after GC invocations=9 (full 2):
 PSYoungGen      total 140800K, used 0K [0x00000000e0000000, 0x00000000ea100000, 0x0000000100000000)
  eden space 131072K, 0% used [0x00000000e0000000,0x00000000e0000000,0x00000000e8000000)
  from space 9728K, 0% used [0x00000000e8000000,0x00000000e8000000,0x00000000e8980000)
  to   space 12800K, 0% used [0x00000000e9480000,0x00000000e9480000,0x00000000ea100000)
 ParOldGen       total 107520K, used 19038K [0x00000000a0000000, 0x00000000a6900000, 0x00000000e0000000)
  object space 107520K, 17% used [0x00000000a0000000,0x00000000a1297998,0x00000000a6900000)
 Metaspace       used 34646K, capacity 35232K, committed 35416K, reserved 1079296K
  class space    used 4795K, capacity 5020K, committed 5120K, reserved 1048576K
}
Event: 7.890 GC heap before
{Heap before GC invocations=10 (full 2):
 PSYoungGen      total 140800K, used 131072K [0x00000000e0000000, 0x00000000ea100000, 0x0000000100000000)
  eden space 131072K, 100% used [0x00000000e0000000,0x00000000e8000000,0x00000000e8000000)
  from space 9728K, 0% used [0x00000000e8000000,0x00000000e8000000,0x00000000e8980000)
  to   space 12800K, 0% used [0x00000000e9480000,0x00000000e9480000,0x00000000ea100000)
 ParOldGen       total 107520K, used 19038K [0x00000000a0000000, 0x00000000a6900000, 0x00000000e0000000)
  object space 107520K, 17% used [0x00000000a0000000,0x00000000a1297998,0x00000000a6900000)
 Metaspace       used 43033K, capacity 43886K, committed 44288K, reserved 1087488K
  class space    used 5824K, capacity 6098K, committed 6144K, reserved 1048576K
Event: 7.902 GC heap after
Heap after GC invocations=10 (full 2):
 PSYoungGen      total 149504K, used 12790K [0x00000000e0000000, 0x00000000ec980000, 0x0000000100000000)
  eden space 136704K, 0% used [0x00000000e0000000,0x00000000e0000000,0x00000000e8580000)
  from space 12800K, 99% used [0x00000000e9480000,0x00000000ea0fdaf0,0x00000000ea100000)
  to   space 15360K, 0% used [0x00000000e8580000,0x00000000e8580000,0x00000000e9480000)
 ParOldGen       total 107520K, used 21683K [0x00000000a0000000, 0x00000000a6900000, 0x00000000e0000000)
  object space 107520K, 20% used [0x00000000a0000000,0x00000000a152cc28,0x00000000a6900000)
 Metaspace       used 43033K, capacity 43886K, committed 44288K, reserved 1087488K
  class space    used 5824K, capacity 6098K, committed 6144K, reserved 1048576K
}

