# JRE version: OpenJDK Runtime Environment (8.0_152-b01) (build 1.8.0_152-release-1248-b01)
# Java VM: OpenJDK 64-Bit Server VM (25.152-b01 mixed mode windows-amd64 compressed oops)
Heap:
 PSYoungGen      total 451072K, used 18244K [0x00000000e0000000, 0x00000000fdf00000, 0x0000000100000000)
  eden space 415232K, 3% used [0x00000000e0000000,0x00000000e0cfb340,0x00000000f9580000)
  from space 35840K, 13% used [0x00000000fb980000,0x00000000fbe55ee8,0x00000000fdc80000)
  to   space 36864K, 0% used [0x00000000f9580000,0x00000000f9580000,0x00000000fb980000)
 ParOldGen       total 167936K, used 64009K [0x00000000a0000000, 0x00000000aa400000, 0x00000000e0000000)
  object space 167936K, 38% used [0x00000000a0000000,0x00000000a3e825a8,0x00000000aa400000)
 Metaspace       used 92445K, capacity 96200K, committed 96344K, reserved 1132544K
  class space    used 11561K, capacity 12345K, committed 12416K, reserved 1048576K
GC Heap History (10 events):
Event: 3258.699 GC heap before
{Heap before GC invocations=29 (full 3):
 PSYoungGen      total 277504K, used 266668K [0x00000000e0000000, 0x00000000f5e00000, 0x0000000100000000)
  eden space 240128K, 100% used [0x00000000e0000000,0x00000000eea80000,0x00000000eea80000)
  from space 37376K, 71% used [0x00000000eea80000,0x00000000f046b000,0x00000000f0f00000)
  to   space 38400K, 0% used [0x00000000f3880000,0x00000000f3880000,0x00000000f5e00000)
 ParOldGen       total 167936K, used 44699K [0x00000000a0000000, 0x00000000aa400000, 0x00000000e0000000)
  object space 167936K, 26% used [0x00000000a0000000,0x00000000a2ba6fe0,0x00000000aa400000)
 Metaspace       used 92059K, capacity 95882K, committed 96088K, reserved 1132544K
  class space    used 11551K, capacity 12338K, committed 12416K, reserved 1048576K
Event: 3258.726 GC heap after
Heap after GC invocations=29 (full 3):
 PSYoungGen      total 319488K, used 24780K [0x00000000e0000000, 0x00000000f6780000, 0x0000000100000000)
  eden space 281088K, 0% used [0x00000000e0000000,0x00000000e0000000,0x00000000f1280000)
  from space 38400K, 64% used [0x00000000f3880000,0x00000000f50b3178,0x00000000f5e00000)
  to   space 38912K, 0% used [0x00000000f1280000,0x00000000f1280000,0x00000000f3880000)
 ParOldGen       total 167936K, used 44707K [0x00000000a0000000, 0x00000000aa400000, 0x00000000e0000000)
  object space 167936K, 26% used [0x00000000a0000000,0x00000000a2ba8fe0,0x00000000aa400000)
 Metaspace       used 92059K, capacity 95882K, committed 96088K, reserved 1132544K
  class space    used 11551K, capacity 12338K, committed 12416K, reserved 1048576K
}
Event: 3259.395 GC heap before
{Heap before GC invocations=30 (full 3):
 PSYoungGen      total 319488K, used 305868K [0x00000000e0000000, 0x00000000f6780000, 0x0000000100000000)
  eden space 281088K, 100% used [0x00000000e0000000,0x00000000f1280000,0x00000000f1280000)
  from space 38400K, 64% used [0x00000000f3880000,0x00000000f50b3178,0x00000000f5e00000)
  to   space 38912K, 0% used [0x00000000f1280000,0x00000000f1280000,0x00000000f3880000)
 ParOldGen       total 167936K, used 44707K [0x00000000a0000000, 0x00000000aa400000, 0x00000000e0000000)
  object space 167936K, 26% used [0x00000000a0000000,0x00000000a2ba8fe0,0x00000000aa400000)
 Metaspace       used 92162K, capacity 95970K, committed 96088K, reserved 1132544K
  class space    used 11552K, capacity 12338K, committed 12416K, reserved 1048576K
Event: 3259.415 GC heap after
Heap after GC invocations=30 (full 3):
 PSYoungGen      total 320000K, used 23948K [0x00000000e0000000, 0x00000000f9780000, 0x0000000100000000)
  eden space 281088K, 0% used [0x00000000e0000000,0x00000000e0000000,0x00000000f1280000)
  from space 38912K, 61% used [0x00000000f1280000,0x00000000f29e3258,0x00000000f3880000)
  to   space 38400K, 0% used [0x00000000f7200000,0x00000000f7200000,0x00000000f9780000)
 ParOldGen       total 167936K, used 44715K [0x00000000a0000000, 0x00000000aa400000, 0x00000000e0000000)
  object space 167936K, 26% used [0x00000000a0000000,0x00000000a2baafe0,0x00000000aa400000)
 Metaspace       used 92162K, capacity 95970K, committed 96088K, reserved 1132544K
  class space    used 11552K, capacity 12338K, committed 12416K, reserved 1048576K
}
Event: 3260.314 GC heap before
{Heap before GC invocations=31 (full 3):
 PSYoungGen      total 320000K, used 305036K [0x00000000e0000000, 0x00000000f9780000, 0x0000000100000000)
  eden space 281088K, 100% used [0x00000000e0000000,0x00000000f1280000,0x00000000f1280000)
  from space 38912K, 61% used [0x00000000f1280000,0x00000000f29e3258,0x00000000f3880000)
  to   space 38400K, 0% used [0x00000000f7200000,0x00000000f7200000,0x00000000f9780000)
 ParOldGen       total 167936K, used 44715K [0x00000000a0000000, 0x00000000aa400000, 0x00000000e0000000)
  object space 167936K, 26% used [0x00000000a0000000,0x00000000a2baafe0,0x00000000aa400000)
 Metaspace       used 92270K, capacity 96034K, committed 96344K, reserved 1132544K
  class space    used 11552K, capacity 12338K, committed 12416K, reserved 1048576K
Event: 3260.347 GC heap after
Heap after GC invocations=31 (full 3):
 PSYoungGen      total 379392K, used 20981K [0x00000000e0000000, 0x00000000f9680000, 0x0000000100000000)
  eden space 342016K, 0% used [0x00000000e0000000,0x00000000e0000000,0x00000000f4e00000)
  from space 37376K, 56% used [0x00000000f7200000,0x00000000f867d428,0x00000000f9680000)
  to   space 36864K, 0% used [0x00000000f4e00000,0x00000000f4e00000,0x00000000f7200000)
 ParOldGen       total 167936K, used 49846K [0x00000000a0000000, 0x00000000aa400000, 0x00000000e0000000)
  object space 167936K, 29% used [0x00000000a0000000,0x00000000a30ad860,0x00000000aa400000)
 Metaspace       used 92270K, capacity 96034K, committed 96344K, reserved 1132544K
  class space    used 11552K, capacity 12338K, committed 12416K, reserved 1048576K
}
Event: 3261.177 GC heap before
{Heap before GC invocations=32 (full 3):
 PSYoungGen      total 379392K, used 362997K [0x00000000e0000000, 0x00000000f9680000, 0x0000000100000000)
  eden space 342016K, 100% used [0x00000000e0000000,0x00000000f4e00000,0x00000000f4e00000)
  from space 37376K, 56% used [0x00000000f7200000,0x00000000f867d428,0x00000000f9680000)
  to   space 36864K, 0% used [0x00000000f4e00000,0x00000000f4e00000,0x00000000f7200000)
 ParOldGen       total 167936K, used 49846K [0x00000000a0000000, 0x00000000aa400000, 0x00000000e0000000)
  object space 167936K, 29% used [0x00000000a0000000,0x00000000a30ad860,0x00000000aa400000)
 Metaspace       used 92333K, capacity 96106K, committed 96344K, reserved 1132544K
  class space    used 11554K, capacity 12340K, committed 12416K, reserved 1048576K
Event: 3261.198 GC heap after
Heap after GC invocations=32 (full 3):
 PSYoungGen      total 378880K, used 17309K [0x00000000e0000000, 0x00000000fdc80000, 0x0000000100000000)
  eden space 342016K, 0% used [0x00000000e0000000,0x00000000e0000000,0x00000000f4e00000)
  from space 36864K, 46% used [0x00000000f4e00000,0x00000000f5ee75a8,0x00000000f7200000)
  to   space 35840K, 0% used [0x00000000fb980000,0x00000000fb980000,0x00000000fdc80000)
 ParOldGen       total 167936K, used 51679K [0x00000000a0000000, 0x00000000aa400000, 0x00000000e0000000)
  object space 167936K, 30% used [0x00000000a0000000,0x00000000a3277fb0,0x00000000aa400000)
 Metaspace       used 92333K, capacity 96106K, committed 96344K, reserved 1132544K
  class space    used 11554K, capacity 12340K, committed 12416K, reserved 1048576K
}
Event: 3262.252 GC heap before
{Heap before GC invocations=33 (full 3):
 PSYoungGen      total 378880K, used 359325K [0x00000000e0000000, 0x00000000fdc80000, 0x0000000100000000)
  eden space 342016K, 100% used [0x00000000e0000000,0x00000000f4e00000,0x00000000f4e00000)
  from space 36864K, 46% used [0x00000000f4e00000,0x00000000f5ee75a8,0x00000000f7200000)
  to   space 35840K, 0% used [0x00000000fb980000,0x00000000fb980000,0x00000000fdc80000)
 ParOldGen       total 167936K, used 51679K [0x00000000a0000000, 0x00000000aa400000, 0x00000000e0000000)
  object space 167936K, 30% used [0x00000000a0000000,0x00000000a3277fb0,0x00000000aa400000)
 Metaspace       used 92432K, capacity 96200K, committed 96344K, reserved 1132544K
  class space    used 11561K, capacity 12345K, committed 12416K, reserved 1048576K
Event: 3262.282 GC heap after
Heap after GC invocations=33 (full 3):
 PSYoungGen      total 451072K, used 4951K [0x00000000e0000000, 0x00000000fdf00000, 0x0000000100000000)
  eden space 415232K, 0% used [0x00000000e0000000,0x00000000e0000000,0x00000000f9580000)
  from space 35840K, 13% used [0x00000000fb980000,0x00000000fbe55ee8,0x00000000fdc80000)
  to   space 36864K, 0% used [0x00000000f9580000,0x00000000f9580000,0x00000000fb980000)
 ParOldGen       total 167936K, used 64009K [0x00000000a0000000, 0x00000000aa400000, 0x00000000e0000000)
  object space 167936K, 38% used [0x00000000a0000000,0x00000000a3e825a8,0x00000000aa400000)
 Metaspace       used 92432K, capacity 96200K, committed 96344K, reserved 1132544K
  class space    used 11561K, capacity 12345K, committed 12416K, reserved 1048576K
}

