# JRE version: OpenJDK Runtime Environment (8.0_152-b01) (build 1.8.0_152-release-1248-b01)
# Java VM: OpenJDK 64-Bit Server VM (25.152-b01 mixed mode windows-amd64 compressed oops)
Heap:
 PSYoungGen      total 171008K, used 94974K [0x00000000e0000000, 0x00000000ece00000, 0x0000000100000000)
  eden space 158208K, 51% used [0x00000000e0000000,0x00000000e50407d8,0x00000000e9a80000)
  from space 12800K, 99% used [0x00000000ea980000,0x00000000eb5ff0f0,0x00000000eb600000)
  to   space 15360K, 0% used [0x00000000e9a80000,0x00000000e9a80000,0x00000000ea980000)
 ParOldGen       total 98816K, used 21890K [0x00000000a0000000, 0x00000000a6080000, 0x00000000e0000000)
  object space 98816K, 22% used [0x00000000a0000000,0x00000000a15609e8,0x00000000a6080000)
 Metaspace       used 49792K, capacity 50868K, committed 50984K, reserved 1093632K
  class space    used 6658K, capacity 6951K, committed 6960K, reserved 1048576K
GC Heap History (10 events):
Event: 2.329 GC heap before
{Heap before GC invocations=6 (full 1):
 PSYoungGen      total 71680K, used 5108K [0x00000000e0000000, 0x00000000e9600000, 0x0000000100000000)
  eden space 66560K, 0% used [0x00000000e0000000,0x00000000e0000000,0x00000000e4100000)
  from space 5120K, 99% used [0x00000000e4100000,0x00000000e45fd040,0x00000000e4600000)
  to   space 10240K, 0% used [0x00000000e8c00000,0x00000000e8c00000,0x00000000e9600000)
 ParOldGen       total 87552K, used 8147K [0x00000000a0000000, 0x00000000a5580000, 0x00000000e0000000)
  object space 87552K, 9% used [0x00000000a0000000,0x00000000a07f4ea0,0x00000000a5580000)
 Metaspace       used 20755K, capacity 21252K, committed 21296K, reserved 1067008K
  class space    used 2910K, capacity 3076K, committed 3120K, reserved 1048576K
Event: 2.364 GC heap after
Heap after GC invocations=6 (full 1):
 PSYoungGen      total 71680K, used 0K [0x00000000e0000000, 0x00000000e9600000, 0x0000000100000000)
  eden space 66560K, 0% used [0x00000000e0000000,0x00000000e0000000,0x00000000e4100000)
  from space 5120K, 0% used [0x00000000e4100000,0x00000000e4100000,0x00000000e4600000)
  to   space 10240K, 0% used [0x00000000e8c00000,0x00000000e8c00000,0x00000000e9600000)
 ParOldGen       total 59392K, used 8307K [0x00000000a0000000, 0x00000000a3a00000, 0x00000000e0000000)
  object space 59392K, 13% used [0x00000000a0000000,0x00000000a081cc00,0x00000000a3a00000)
 Metaspace       used 20755K, capacity 21252K, committed 21296K, reserved 1067008K
  class space    used 2910K, capacity 3076K, committed 3120K, reserved 1048576K
}
Event: 3.119 GC heap before
{Heap before GC invocations=7 (full 1):
 PSYoungGen      total 71680K, used 66560K [0x00000000e0000000, 0x00000000e9600000, 0x0000000100000000)
  eden space 66560K, 100% used [0x00000000e0000000,0x00000000e4100000,0x00000000e4100000)
  from space 5120K, 0% used [0x00000000e4100000,0x00000000e4100000,0x00000000e4600000)
  to   space 10240K, 0% used [0x00000000e8c00000,0x00000000e8c00000,0x00000000e9600000)
 ParOldGen       total 59392K, used 8307K [0x00000000a0000000, 0x00000000a3a00000, 0x00000000e0000000)
  object space 59392K, 13% used [0x00000000a0000000,0x00000000a081cc00,0x00000000a3a00000)
 Metaspace       used 26546K, capacity 27038K, committed 27184K, reserved 1073152K
  class space    used 3637K, capacity 3801K, committed 3888K, reserved 1048576K
Event: 3.127 GC heap after
Heap after GC invocations=7 (full 1):
 PSYoungGen      total 111616K, used 7029K [0x00000000e0000000, 0x00000000e9300000, 0x0000000100000000)
  eden space 104448K, 0% used [0x00000000e0000000,0x00000000e0000000,0x00000000e6600000)
  from space 7168K, 98% used [0x00000000e8c00000,0x00000000e92dd4b8,0x00000000e9300000)
  to   space 9728K, 0% used [0x00000000e8000000,0x00000000e8000000,0x00000000e8980000)
 ParOldGen       total 59392K, used 8315K [0x00000000a0000000, 0x00000000a3a00000, 0x00000000e0000000)
  object space 59392K, 14% used [0x00000000a0000000,0x00000000a081ec00,0x00000000a3a00000)
 Metaspace       used 26546K, capacity 27038K, committed 27184K, reserved 1073152K
  class space    used 3637K, capacity 3801K, committed 3888K, reserved 1048576K
}
Event: 4.332 GC heap before
{Heap before GC invocations=8 (full 1):
 PSYoungGen      total 111616K, used 103431K [0x00000000e0000000, 0x00000000e9300000, 0x0000000100000000)
  eden space 104448K, 92% used [0x00000000e0000000,0x00000000e5e247f0,0x00000000e6600000)
  from space 7168K, 98% used [0x00000000e8c00000,0x00000000e92dd4b8,0x00000000e9300000)
  to   space 9728K, 0% used [0x00000000e8000000,0x00000000e8000000,0x00000000e8980000)
 ParOldGen       total 59392K, used 8315K [0x00000000a0000000, 0x00000000a3a00000, 0x00000000e0000000)
  object space 59392K, 14% used [0x00000000a0000000,0x00000000a081ec00,0x00000000a3a00000)
 Metaspace       used 34886K, capacity 35444K, committed 35496K, reserved 1079296K
  class space    used 4824K, capacity 5030K, committed 5040K, reserved 1048576K
Event: 4.346 GC heap after
Heap after GC invocations=8 (full 1):
 PSYoungGen      total 140800K, used 9706K [0x00000000e0000000, 0x00000000eb600000, 0x0000000100000000)
  eden space 131072K, 0% used [0x00000000e0000000,0x00000000e0000000,0x00000000e8000000)
  from space 9728K, 99% used [0x00000000e8000000,0x00000000e897aba0,0x00000000e8980000)
  to   space 12800K, 0% used [0x00000000ea980000,0x00000000ea980000,0x00000000eb600000)
 ParOldGen       total 59392K, used 11524K [0x00000000a0000000, 0x00000000a3a00000, 0x00000000e0000000)
  object space 59392K, 19% used [0x00000000a0000000,0x00000000a0b412d8,0x00000000a3a00000)
 Metaspace       used 34886K, capacity 35444K, committed 35496K, reserved 1079296K
  class space    used 4824K, capacity 5030K, committed 5040K, reserved 1048576K
}
Event: 4.346 GC heap before
{Heap before GC invocations=9 (full 2):
 PSYoungGen      total 140800K, used 9706K [0x00000000e0000000, 0x00000000eb600000, 0x0000000100000000)
  eden space 131072K, 0% used [0x00000000e0000000,0x00000000e0000000,0x00000000e8000000)
  from space 9728K, 99% used [0x00000000e8000000,0x00000000e897aba0,0x00000000e8980000)
  to   space 12800K, 0% used [0x00000000ea980000,0x00000000ea980000,0x00000000eb600000)
 ParOldGen       total 59392K, used 11524K [0x00000000a0000000, 0x00000000a3a00000, 0x00000000e0000000)
  object space 59392K, 19% used [0x00000000a0000000,0x00000000a0b412d8,0x00000000a3a00000)
 Metaspace       used 34886K, capacity 35444K, committed 35496K, reserved 1079296K
  class space    used 4824K, capacity 5030K, committed 5040K, reserved 1048576K
Event: 4.422 GC heap after
Heap after GC invocations=9 (full 2):
 PSYoungGen      total 140800K, used 0K [0x00000000e0000000, 0x00000000eb600000, 0x0000000100000000)
  eden space 131072K, 0% used [0x00000000e0000000,0x00000000e0000000,0x00000000e8000000)
  from space 9728K, 0% used [0x00000000e8000000,0x00000000e8000000,0x00000000e8980000)
  to   space 12800K, 0% used [0x00000000ea980000,0x00000000ea980000,0x00000000eb600000)
 ParOldGen       total 98816K, used 19234K [0x00000000a0000000, 0x00000000a6080000, 0x00000000e0000000)
  object space 98816K, 19% used [0x00000000a0000000,0x00000000a12c8b48,0x00000000a6080000)
 Metaspace       used 34886K, capacity 35444K, committed 35496K, reserved 1079296K
  class space    used 4824K, capacity 5030K, committed 5040K, reserved 1048576K
}
Event: 6.343 GC heap before
{Heap before GC invocations=10 (full 2):
 PSYoungGen      total 140800K, used 131072K [0x00000000e0000000, 0x00000000eb600000, 0x0000000100000000)
  eden space 131072K, 100% used [0x00000000e0000000,0x00000000e8000000,0x00000000e8000000)
  from space 9728K, 0% used [0x00000000e8000000,0x00000000e8000000,0x00000000e8980000)
  to   space 12800K, 0% used [0x00000000ea980000,0x00000000ea980000,0x00000000eb600000)
 ParOldGen       total 98816K, used 19234K [0x00000000a0000000, 0x00000000a6080000, 0x00000000e0000000)
  object space 98816K, 19% used [0x00000000a0000000,0x00000000a12c8b48,0x00000000a6080000)
 Metaspace       used 43390K, capacity 44298K, committed 44584K, reserved 1087488K
  class space    used 5872K, capacity 6130K, committed 6192K, reserved 1048576K
Event: 6.364 GC heap after
Heap after GC invocations=10 (full 2):
 PSYoungGen      total 171008K, used 12796K [0x00000000e0000000, 0x00000000ece00000, 0x0000000100000000)
  eden space 158208K, 0% used [0x00000000e0000000,0x00000000e0000000,0x00000000e9a80000)
  from space 12800K, 99% used [0x00000000ea980000,0x00000000eb5ff0f0,0x00000000eb600000)
  to   space 15360K, 0% used [0x00000000e9a80000,0x00000000e9a80000,0x00000000ea980000)
 ParOldGen       total 98816K, used 21890K [0x00000000a0000000, 0x00000000a6080000, 0x00000000e0000000)
  object space 98816K, 22% used [0x00000000a0000000,0x00000000a15609e8,0x00000000a6080000)
 Metaspace       used 43390K, capacity 44298K, committed 44584K, reserved 1087488K
  class space    used 5872K, capacity 6130K, committed 6192K, reserved 1048576K
}

